[debug] > Exec(early(addDefaultCommands), None, None)
[debug] > Exec(addDefaultCommands, None, None)
[debug] > Exec(early(initialize), None, None)
[debug] > Exec(initialize, None, None)
[debug] > Exec(boot, None, None)
[debug] > Exec(writeSbtVersion, None, None)
[debug] > Exec(reload, None, None)
[debug] > Exec(sbtStashOnFailure, None, None)
[debug] > Exec(onFailure loadFailed, None, None)
[debug] > Exec(loadp, None, None)
[info] welcome to sbt 1.4.6 (Oracle Corporation Java 11.0.9)
[debug]       Load.loadUnit: plugins took 149.6227ms
[debug]       Load.loadUnit: defsScala took 0.9084ms
[debug] [Loading] Scanning directory C:\Users\BABA\.sbt\1.0\plugins
[debug] [Loading] Found non-root projects 
[debug] [Loading] Done in C:\Users\BABA\.sbt\1.0\plugins, returning: ()
[debug] deducing auto plugins based on known facts Set(Atom(sbt.plugins.CorePlugin)) and clauses Clauses(List(Clause(Atom(sbt.plugins.JvmPlugin),Set(Atom(sbt.plugins.IvyPlugin))), Clause(Atom(sbt.ScriptedPlugin),Set(Atom(sbt.plugins.JvmPlugin))), Clause(Atom(sbt.plugins.SbtPlugin),Set(Atom(sbt.ScriptedPlugin))), Clause(Atom(sbt.plugins.SemanticdbPlugin),Set(Atom(sbt.plugins.JvmPlugin))), Clause(Atom(sbt.plugins.JUnitXmlReportPlugin),Set(Atom(sbt.plugins.JvmPlugin))), Clause(Atom(sbt.plugins.MiniDependencyTreePlugin),Set(Atom(sbt.plugins.JvmPlugin))), Clause(Atom(sbt.plugins.CorePlugin),Set(Atom(sbt.plugins.IvyPlugin))), Clause(Atom(sbt.plugins.IvyPlugin),Set(Atom(sbt.plugins.JvmPlugin))), Clause(Atom(sbt.plugins.JvmPlugin),Set(Atom(sbt.plugins.SemanticdbPlugin))), Clause(Atom(sbt.plugins.JvmPlugin),Set(Atom(sbt.plugins.JUnitXmlReportPlugin))), Clause(Atom(sbt.plugins.CorePlugin),Set(Atom(sbt.plugins.Giter8TemplatePlugin))), Clause(Atom(sbt.plugins.JvmPlugin),Set(Atom(sbt.plugins.MiniDependencyTreePlugin)))))
[debug]   :: deduced result: Matched(sbt.plugins.CorePlugin,sbt.plugins.Giter8TemplatePlugin,sbt.plugins.IvyPlugin,sbt.plugins.JvmPlugin,sbt.plugins.MiniDependencyTreePlugin,sbt.plugins.JUnitXmlReportPlugin,sbt.plugins.SemanticdbPlugin)
[debug] Plugins.deducer#function took 93.429 ms
[debug]           Load.resolveProject(global-plugins) took 87.8604ms
[debug]         Load.loadTransitive: finalizeProject(Project(id global-plugins, base: C:\Users\BABA\.sbt\1.0\plugins, plugins: List(<none>))) took 285.7102ms
[debug] [Loading] Done in C:\Users\BABA\.sbt\1.0\plugins, returning: (global-plugins)
[debug]       Load.loadUnit: loadedProjectsRaw took 333.9406ms
[debug]       Load.loadUnit: cleanEvalClasses took 0.326ms
[debug]     Load.loadUnit(file:/C:/Users/BABA/.sbt/1.0/plugins/, ...) took 503.2382ms
[debug]   Load.apply: load took 768.2041ms
[debug]   Load.apply: resolveProjects took 11.3308ms
[debug]   Load.apply: finalTransforms took 181.0283ms
[debug]   Load.apply: config.delegates took 19.1298ms
[debug]   Load.apply: Def.make(settings)... took 1920.5748ms
[debug]   Load.apply: structureIndex took 362.6047ms
[debug]   Load.apply: mkStreams took 2.8648ms
[info] loading global plugins from C:\Users\BABA\.sbt\1.0\plugins
[debug] Running task... Cancel: Signal, check cycles: false, forcegc: true
[debug] Load.defaultLoad until apply took 6174.2499ms
[debug]           Load.loadUnit: plugins took 64.7154ms
[debug]           Load.loadUnit: defsScala took 0.0063ms
[debug] [Loading] Scanning directory C:\Users\BABA\IdeaProjects\Group2_UT_IT_assignment\project
[debug] [Loading] Found non-root projects 
[debug] [Loading] Done in C:\Users\BABA\IdeaProjects\Group2_UT_IT_assignment\project, returning: ()
[debug] deducing auto plugins based on known facts Set(Atom(sbt.plugins.CorePlugin)) and clauses Clauses(List(Clause(Atom(sbt.plugins.JvmPlugin),Set(Atom(sbt.plugins.IvyPlugin))), Clause(Atom(sbt.ScriptedPlugin),Set(Atom(sbt.plugins.JvmPlugin))), Clause(Atom(sbt.plugins.SbtPlugin),Set(Atom(sbt.ScriptedPlugin))), Clause(Atom(sbt.plugins.SemanticdbPlugin),Set(Atom(sbt.plugins.JvmPlugin))), Clause(Atom(sbt.plugins.JUnitXmlReportPlugin),Set(Atom(sbt.plugins.JvmPlugin))), Clause(Atom(sbt.plugins.MiniDependencyTreePlugin),Set(Atom(sbt.plugins.JvmPlugin))), Clause(Atom(sbt.plugins.CorePlugin),Set(Atom(sbt.plugins.IvyPlugin))), Clause(Atom(sbt.plugins.IvyPlugin),Set(Atom(sbt.plugins.JvmPlugin))), Clause(Atom(sbt.plugins.JvmPlugin),Set(Atom(sbt.plugins.SemanticdbPlugin))), Clause(Atom(sbt.plugins.JvmPlugin),Set(Atom(sbt.plugins.JUnitXmlReportPlugin))), Clause(Atom(sbt.plugins.CorePlugin),Set(Atom(sbt.plugins.Giter8TemplatePlugin))), Clause(Atom(sbt.plugins.JvmPlugin),Set(Atom(sbt.plugins.MiniDependencyTreePlugin)))))
[debug]   :: deduced result: Matched(sbt.plugins.CorePlugin,sbt.plugins.Giter8TemplatePlugin,sbt.plugins.IvyPlugin,sbt.plugins.JvmPlugin,sbt.plugins.MiniDependencyTreePlugin,sbt.plugins.JUnitXmlReportPlugin,sbt.plugins.SemanticdbPlugin)
[debug] Plugins.deducer#function took 3.8081 ms
[debug]               Load.resolveProject(group2_ut_it_assignment-build) took 1.8438ms
[debug]             Load.loadTransitive: finalizeProject(Project(id group2_ut_it_assignment-build, base: C:\Users\BABA\IdeaProjects\Group2_UT_IT_assignment\project, plugins: List(<none>))) took 6.846ms
[debug] [Loading] Done in C:\Users\BABA\IdeaProjects\Group2_UT_IT_assignment\project, returning: (group2_ut_it_assignment-build)
[debug]           Load.loadUnit: loadedProjectsRaw took 11.2233ms
[debug]           Load.loadUnit: cleanEvalClasses took 0.024ms
[debug]         Load.loadUnit(file:/C:/Users/BABA/IdeaProjects/Group2_UT_IT_assignment/project/, ...) took 77.4496ms
[debug]       Load.apply: load took 80.6334ms
[debug]       Load.apply: resolveProjects took 0.1674ms
[debug]       Load.apply: finalTransforms took 17.9898ms
[debug]       Load.apply: config.delegates took 0.6211ms
[debug]       Load.apply: Def.make(settings)... took 129.8533ms
[debug]       Load.apply: structureIndex took 44.1129ms
[debug]       Load.apply: mkStreams took 0.0033ms
[info] loading project definition from C:\Users\BABA\IdeaProjects\Group2_UT_IT_assignment\project
[debug] Running task... Cancel: Signal, check cycles: false, forcegc: true
[debug]     Load.loadUnit: plugins took 2110.3301ms
[debug]     Load.loadUnit: defsScala took 0.0062ms
[debug] [Loading] Scanning directory C:\Users\BABA\IdeaProjects\Group2_UT_IT_assignment
[debug]       Load.loadUnit: mkEval took 8.6625ms
[debug] [Loading] Found non-root projects 
[debug] [Loading] Done in C:\Users\BABA\IdeaProjects\Group2_UT_IT_assignment, returning: ()
[debug] deducing auto plugins based on known facts Set(Atom(sbt.plugins.CorePlugin)) and clauses Clauses(List(Clause(Atom(sbt.plugins.JvmPlugin),Set(Atom(sbt.plugins.IvyPlugin))), Clause(Atom(sbt.ScriptedPlugin),Set(Atom(sbt.plugins.JvmPlugin))), Clause(Atom(sbt.plugins.SbtPlugin),Set(Atom(sbt.ScriptedPlugin))), Clause(Atom(sbt.plugins.SemanticdbPlugin),Set(Atom(sbt.plugins.JvmPlugin))), Clause(Atom(sbt.plugins.JUnitXmlReportPlugin),Set(Atom(sbt.plugins.JvmPlugin))), Clause(Atom(sbt.plugins.MiniDependencyTreePlugin),Set(Atom(sbt.plugins.JvmPlugin))), Clause(Atom(sbt.plugins.CorePlugin),Set(Atom(sbt.plugins.IvyPlugin))), Clause(Atom(sbt.plugins.IvyPlugin),Set(Atom(sbt.plugins.JvmPlugin))), Clause(Atom(sbt.plugins.JvmPlugin),Set(Atom(sbt.plugins.SemanticdbPlugin))), Clause(Atom(sbt.plugins.JvmPlugin),Set(Atom(sbt.plugins.JUnitXmlReportPlugin))), Clause(Atom(sbt.plugins.CorePlugin),Set(Atom(sbt.plugins.Giter8TemplatePlugin))), Clause(Atom(sbt.plugins.JvmPlugin),Set(Atom(sbt.plugins.MiniDependencyTreePlugin)))))
[debug]   :: deduced result: Matched(sbt.plugins.CorePlugin,sbt.plugins.Giter8TemplatePlugin,sbt.plugins.IvyPlugin,sbt.plugins.JvmPlugin,sbt.plugins.MiniDependencyTreePlugin,sbt.plugins.JUnitXmlReportPlugin,sbt.plugins.SemanticdbPlugin)
[debug] Plugins.deducer#function took 2.1225 ms
[info] loading settings for project group2_ut_it_assignment from build.sbt ...
[debug]         Load.resolveProject(group2_ut_it_assignment) took 4.8841ms
[debug]       Load.loadTransitive: finalizeProject(Project(id group2_ut_it_assignment, base: C:\Users\BABA\IdeaProjects\Group2_UT_IT_assignment, plugins: List(<none>))) took 7.8177ms
[debug] [Loading] Done in C:\Users\BABA\IdeaProjects\Group2_UT_IT_assignment, returning: (group2_ut_it_assignment)
[debug]     Load.loadUnit: loadedProjectsRaw took 4013.3612ms
[debug]     Load.loadUnit: cleanEvalClasses took 26.8068ms
[debug]   Load.loadUnit(file:/C:/Users/BABA/IdeaProjects/Group2_UT_IT_assignment/, ...) took 6151.6763ms
[debug] Load.apply: load took 6153.9968ms
[debug] Load.apply: resolveProjects took 0.1453ms
[debug] Load.apply: finalTransforms took 15.3081ms
[debug] Load.apply: config.delegates took 0.4667ms
[debug] Load.apply: Def.make(settings)... took 117.2763ms
[debug] Load.apply: structureIndex took 49.6261ms
[debug] Load.apply: mkStreams took 0.0034ms
[info] set current project to Group2_UT_IT_assignment (in build file:/C:/Users/BABA/IdeaProjects/Group2_UT_IT_assignment/)
[debug] > Exec(sbtPopOnFailure, None, None)
[debug] > Exec(resumeFromFailure, None, None)
[debug] > Exec(notifyUsersAboutShell, None, None)
[debug] > Exec(iflast shell, None, None)
[debug] > Exec(shell, None, None)
[info] sbt server started at local:sbt-server-f6397a5e738f5fdc30c6
[info] started sbt server
